# JRE version: Java(TM) SE Runtime Environment (18.0.2.1+1) (build 18.0.2.1+1-1)
# Java VM: Java HotSpot(TM) 64-Bit Server VM (18.0.2.1+1-1, mixed mode, sharing, tiered, compressed oops, compressed class ptrs, g1 gc, windows-amd64)
GC Precious Log:
 CardTable entry size: 512
 Card Set container configuration: InlinePtr #cards 5 size 8 Array Of Cards #cards 12 size 40 Howl #buckets 4 coarsen threshold 1843 Howl Bitmap #cards 512 size 80 coarsen threshold 460 Card regions per heap region 1 cards per card region 2048
 CPUs: 8 total, 8 available
 Memory: 8006M
 Large Page Support: Disabled
 NUMA Support: Disabled
 Compressed Oops: Enabled (32-bit)
 Heap Region Size: 1M
 Heap Min Capacity: 8M
 Heap Initial Capacity: 126M
 Heap Max Capacity: 2002M
 Pre-touch: Disabled
 Parallel Workers: 8
 Concurrent Workers: 2
 Concurrent Refinement Workers: 8
 Periodic GC: Disabled
Heap:
 garbage-first heap   total 147456K, used 83346K [0x0000000082e00000, 0x0000000100000000)
  region size 1024K, 2 young (2048K), 2 survivors (2048K)
 Metaspace       used 21321K, committed 21632K, reserved 1114112K
  class space    used 2340K, committed 2496K, reserved 1048576K
GC Heap History (15 events):
Event: 5.297 GC heap before
{Heap before GC invocations=0 (full 0):
 garbage-first heap   total 129024K, used 26624K [0x0000000082e00000, 0x0000000100000000)
  region size 1024K, 23 young (23552K), 0 survivors (0K)
 Metaspace       used 14095K, committed 14336K, reserved 1114112K
  class space    used 1528K, committed 1600K, reserved 1048576K
}
Event: 5.317 GC heap after
{Heap after GC invocations=1 (full 0):
 garbage-first heap   total 129024K, used 9894K [0x0000000082e00000, 0x0000000100000000)
  region size 1024K, 3 young (3072K), 3 survivors (3072K)
 Metaspace       used 14095K, committed 14336K, reserved 1114112K
  class space    used 1528K, committed 1600K, reserved 1048576K
}
Event: 7.550 GC heap before
{Heap before GC invocations=1 (full 0):
 garbage-first heap   total 129024K, used 44710K [0x0000000082e00000, 0x0000000100000000)
  region size 1024K, 19 young (19456K), 3 survivors (3072K)
 Metaspace       used 19141K, committed 19392K, reserved 1114112K
  class space    used 2051K, committed 2176K, reserved 1048576K
}
Event: 7.558 GC heap after
{Heap after GC invocations=2 (full 0):
 garbage-first heap   total 129024K, used 30619K [0x0000000082e00000, 0x0000000100000000)
  region size 1024K, 2 young (2048K), 2 survivors (2048K)
 Metaspace       used 19141K, committed 19392K, reserved 1114112K
  class space    used 2051K, committed 2176K, reserved 1048576K
}
Event: 19.477 GC heap before
{Heap before GC invocations=2 (full 0):
 garbage-first heap   total 129024K, used 87963K [0x0000000082e00000, 0x0000000100000000)
  region size 1024K, 31 young (31744K), 2 survivors (2048K)
 Metaspace       used 19610K, committed 19840K, reserved 1114112K
  class space    used 2055K, committed 2176K, reserved 1048576K
}
Event: 19.481 GC heap after
{Heap after GC invocations=3 (full 0):
 garbage-first heap   total 129024K, used 52965K [0x0000000082e00000, 0x0000000100000000)
  region size 1024K, 1 young (1024K), 1 survivors (1024K)
 Metaspace       used 19610K, committed 19840K, reserved 1114112K
  class space    used 2055K, committed 2176K, reserved 1048576K
}
Event: 19.799 GC heap before
{Heap before GC invocations=3 (full 0):
 garbage-first heap   total 129024K, used 115429K [0x0000000082e00000, 0x0000000100000000)
  region size 1024K, 33 young (33792K), 1 survivors (1024K)
 Metaspace       used 19614K, committed 19904K, reserved 1114112K
  class space    used 2055K, committed 2176K, reserved 1048576K
}
Event: 19.802 GC heap after
{Heap after GC invocations=4 (full 0):
 garbage-first heap   total 129024K, used 73432K [0x0000000082e00000, 0x0000000100000000)
  region size 1024K, 1 young (1024K), 1 survivors (1024K)
 Metaspace       used 19614K, committed 19904K, reserved 1114112K
  class space    used 2055K, committed 2176K, reserved 1048576K
}
Event: 30.745 GC heap before
{Heap before GC invocations=5 (full 0):
 garbage-first heap   total 132096K, used 101080K [0x0000000082e00000, 0x0000000100000000)
  region size 1024K, 25 young (25600K), 1 survivors (1024K)
 Metaspace       used 19632K, committed 19904K, reserved 1114112K
  class space    used 2055K, committed 2176K, reserved 1048576K
}
Event: 30.748 GC heap after
{Heap after GC invocations=6 (full 0):
 garbage-first heap   total 132096K, used 74424K [0x0000000082e00000, 0x0000000100000000)
  region size 1024K, 1 young (1024K), 1 survivors (1024K)
 Metaspace       used 19632K, committed 19904K, reserved 1114112K
  class space    used 2055K, committed 2176K, reserved 1048576K
}
Event: 31.031 GC heap before
{Heap before GC invocations=7 (full 0):
 garbage-first heap   total 142336K, used 93880K [0x0000000082e00000, 0x0000000100000000)
  region size 1024K, 13 young (13312K), 1 survivors (1024K)
 Metaspace       used 19635K, committed 19904K, reserved 1114112K
  class space    used 2055K, committed 2176K, reserved 1048576K
}
Event: 31.034 GC heap after
{Heap after GC invocations=8 (full 0):
 garbage-first heap   total 142336K, used 80600K [0x0000000082e00000, 0x0000000100000000)
  region size 1024K, 1 young (1024K), 1 survivors (1024K)
 Metaspace       used 19635K, committed 19904K, reserved 1114112K
  class space    used 2055K, committed 2176K, reserved 1048576K
}
Event: 34.722 GC heap before
{Heap before GC invocations=9 (full 0):
 garbage-first heap   total 147456K, used 100056K [0x0000000082e00000, 0x0000000100000000)
  region size 1024K, 15 young (15360K), 1 survivors (1024K)
 Metaspace       used 21285K, committed 21568K, reserved 1114112K
  class space    used 2339K, committed 2496K, reserved 1048576K
}
Event: 34.726 GC heap after
{Heap after GC invocations=10 (full 0):
 garbage-first heap   total 147456K, used 84459K [0x0000000082e00000, 0x0000000100000000)
  region size 1024K, 2 young (2048K), 2 survivors (2048K)
 Metaspace       used 21285K, committed 21568K, reserved 1114112K
  class space    used 2339K, committed 2496K, reserved 1048576K
}
Event: 41.515 GC heap before
{Heap before GC invocations=11 (full 0):
 garbage-first heap   total 147456K, used 98795K [0x0000000082e00000, 0x0000000100000000)
  region size 1024K, 15 young (15360K), 2 survivors (2048K)
 Metaspace       used 21321K, committed 21632K, reserved 1114112K
  class space    used 2340K, committed 2496K, reserved 1048576K
}

