# JRE version: Java(TM) SE Runtime Environment (18.0.2+9) (build 18.0.2+9-61)
# Java VM: Java HotSpot(TM) 64-Bit Server VM (18.0.2+9-61, mixed mode, sharing, tiered, compressed oops, compressed class ptrs, g1 gc, windows-amd64)
GC Precious Log:
 CardTable entry size: 512
 Card Set container configuration: InlinePtr #cards 5 size 8 Array Of Cards #cards 12 size 40 Howl #buckets 4 coarsen threshold 1843 Howl Bitmap #cards 512 size 80 coarsen threshold 460 Card regions per heap region 1 cards per card region 2048
 CPUs: 8 total, 8 available
 Memory: 8006M
 Large Page Support: Disabled
 NUMA Support: Disabled
 Compressed Oops: Enabled (32-bit)
 Heap Region Size: 1M
 Heap Min Capacity: 8M
 Heap Initial Capacity: 126M
 Heap Max Capacity: 2002M
 Pre-touch: Disabled
 Parallel Workers: 8
 Concurrent Workers: 2
 Concurrent Refinement Workers: 8
 Periodic GC: Disabled
Heap:
 garbage-first heap   total 258048K, used 157762K [0x0000000082e00000, 0x0000000100000000)
  region size 1024K, 7 young (7168K), 1 survivors (1024K)
 Metaspace       used 24355K, committed 24640K, reserved 1114112K
  class space    used 2578K, committed 2752K, reserved 1048576K
GC Heap History (20 events):
Event: 37.628 GC heap before
{Heap before GC invocations=14 (full 0):
 garbage-first heap   total 140288K, used 98118K [0x0000000082e00000, 0x0000000100000000)
  region size 1024K, 18 young (18432K), 1 survivors (1024K)
 Metaspace       used 23526K, committed 23808K, reserved 1114112K
  class space    used 2528K, committed 2688K, reserved 1048576K
}
Event: 37.629 GC heap after
{Heap after GC invocations=15 (full 0):
 garbage-first heap   total 140288K, used 81823K [0x0000000082e00000, 0x0000000100000000)
  region size 1024K, 1 young (1024K), 1 survivors (1024K)
 Metaspace       used 23526K, committed 23808K, reserved 1114112K
  class space    used 2528K, committed 2688K, reserved 1048576K
}
Event: 37.826 GC heap before
{Heap before GC invocations=16 (full 0):
 garbage-first heap   total 181248K, used 125855K [0x0000000082e00000, 0x0000000100000000)
  region size 1024K, 24 young (24576K), 1 survivors (1024K)
 Metaspace       used 23526K, committed 23808K, reserved 1114112K
  class space    used 2528K, committed 2688K, reserved 1048576K
}
Event: 37.828 GC heap after
{Heap after GC invocations=17 (full 0):
 garbage-first heap   total 181248K, used 104401K [0x0000000082e00000, 0x0000000100000000)
  region size 1024K, 1 young (1024K), 1 survivors (1024K)
 Metaspace       used 23526K, committed 23808K, reserved 1114112K
  class space    used 2528K, committed 2688K, reserved 1048576K
}
Event: 48.343 GC heap before
{Heap before GC invocations=18 (full 0):
 garbage-first heap   total 188416K, used 131025K [0x0000000082e00000, 0x0000000100000000)
  region size 1024K, 22 young (22528K), 1 survivors (1024K)
 Metaspace       used 23540K, committed 23808K, reserved 1114112K
  class space    used 2528K, committed 2688K, reserved 1048576K
}
Event: 48.346 GC heap after
{Heap after GC invocations=19 (full 0):
 garbage-first heap   total 188416K, used 107451K [0x0000000082e00000, 0x0000000100000000)
  region size 1024K, 1 young (1024K), 1 survivors (1024K)
 Metaspace       used 23540K, committed 23808K, reserved 1114112K
  class space    used 2528K, committed 2688K, reserved 1048576K
}
Event: 48.557 GC heap before
{Heap before GC invocations=20 (full 0):
 garbage-first heap   total 229376K, used 158651K [0x0000000082e00000, 0x0000000100000000)
  region size 1024K, 27 young (27648K), 1 survivors (1024K)
 Metaspace       used 23541K, committed 23808K, reserved 1114112K
  class space    used 2528K, committed 2688K, reserved 1048576K
}
Event: 48.559 GC heap after
{Heap after GC invocations=21 (full 0):
 garbage-first heap   total 229376K, used 131030K [0x0000000082e00000, 0x0000000100000000)
  region size 1024K, 1 young (1024K), 1 survivors (1024K)
 Metaspace       used 23541K, committed 23808K, reserved 1114112K
  class space    used 2528K, committed 2688K, reserved 1048576K
}
Event: 59.116 GC heap before
{Heap before GC invocations=22 (full 0):
 garbage-first heap   total 232448K, used 158678K [0x0000000082e00000, 0x0000000100000000)
  region size 1024K, 23 young (23552K), 1 survivors (1024K)
 Metaspace       used 23545K, committed 23808K, reserved 1114112K
  class space    used 2528K, committed 2688K, reserved 1048576K
}
Event: 59.118 GC heap after
{Heap after GC invocations=23 (full 0):
 garbage-first heap   total 232448K, used 134071K [0x0000000082e00000, 0x0000000100000000)
  region size 1024K, 1 young (1024K), 1 survivors (1024K)
 Metaspace       used 23545K, committed 23808K, reserved 1114112K
  class space    used 2528K, committed 2688K, reserved 1048576K
}
Event: 59.259 GC heap before
{Heap before GC invocations=24 (full 0):
 garbage-first heap   total 247808K, used 157623K [0x0000000082e00000, 0x0000000100000000)
  region size 1024K, 14 young (14336K), 1 survivors (1024K)
 Metaspace       used 23545K, committed 23808K, reserved 1114112K
  class space    used 2528K, committed 2688K, reserved 1048576K
}
Event: 59.260 GC heap after
{Heap after GC invocations=25 (full 0):
 garbage-first heap   total 247808K, used 143316K [0x0000000082e00000, 0x0000000100000000)
  region size 1024K, 1 young (1024K), 1 survivors (1024K)
 Metaspace       used 23545K, committed 23808K, reserved 1114112K
  class space    used 2528K, committed 2688K, reserved 1048576K
}
Event: 69.611 GC heap before
{Heap before GC invocations=26 (full 0):
 garbage-first heap   total 252928K, used 170964K [0x0000000082e00000, 0x0000000100000000)
  region size 1024K, 23 young (23552K), 1 survivors (1024K)
 Metaspace       used 23625K, committed 23936K, reserved 1114112K
  class space    used 2538K, committed 2688K, reserved 1048576K
}
Event: 69.613 GC heap after
{Heap after GC invocations=27 (full 0):
 garbage-first heap   total 252928K, used 146345K [0x0000000082e00000, 0x0000000100000000)
  region size 1024K, 1 young (1024K), 1 survivors (1024K)
 Metaspace       used 23625K, committed 23936K, reserved 1114112K
  class space    used 2538K, committed 2688K, reserved 1048576K
}
Event: 80.259 GC heap before
{Heap before GC invocations=28 (full 0):
 garbage-first heap   total 258048K, used 176041K [0x0000000082e00000, 0x0000000100000000)
  region size 1024K, 25 young (25600K), 1 survivors (1024K)
 Metaspace       used 24268K, committed 24576K, reserved 1114112K
  class space    used 2578K, committed 2752K, reserved 1048576K
}
Event: 80.261 GC heap after
{Heap after GC invocations=29 (full 0):
 garbage-first heap   total 258048K, used 146559K [0x0000000082e00000, 0x0000000100000000)
  region size 1024K, 1 young (1024K), 1 survivors (1024K)
 Metaspace       used 24268K, committed 24576K, reserved 1114112K
  class space    used 2578K, committed 2752K, reserved 1048576K
}
Event: 91.010 GC heap before
{Heap before GC invocations=30 (full 0):
 garbage-first heap   total 258048K, used 175231K [0x0000000082e00000, 0x0000000100000000)
  region size 1024K, 24 young (24576K), 1 survivors (1024K)
 Metaspace       used 24304K, committed 24576K, reserved 1114112K
  class space    used 2578K, committed 2752K, reserved 1048576K
}
Event: 91.012 GC heap after
{Heap after GC invocations=31 (full 0):
 garbage-first heap   total 258048K, used 143430K [0x0000000082e00000, 0x0000000100000000)
  region size 1024K, 1 young (1024K), 1 survivors (1024K)
 Metaspace       used 24304K, committed 24576K, reserved 1114112K
  class space    used 2578K, committed 2752K, reserved 1048576K
}
Event: 101.543 GC heap before
{Heap before GC invocations=32 (full 0):
 garbage-first heap   total 258048K, used 161862K [0x0000000082e00000, 0x0000000100000000)
  region size 1024K, 14 young (14336K), 1 survivors (1024K)
 Metaspace       used 24334K, committed 24640K, reserved 1114112K
  class space    used 2578K, committed 2752K, reserved 1048576K
}
Event: 101.545 GC heap after
{Heap after GC invocations=33 (full 0):
 garbage-first heap   total 258048K, used 146498K [0x0000000082e00000, 0x0000000100000000)
  region size 1024K, 1 young (1024K), 1 survivors (1024K)
 Metaspace       used 24334K, committed 24640K, reserved 1114112K
  class space    used 2578K, committed 2752K, reserved 1048576K
}

