# JRE version: Java(TM) SE Runtime Environment (18.0.2.1+1) (build 18.0.2.1+1-1)
# Java VM: Java HotSpot(TM) 64-Bit Server VM (18.0.2.1+1-1, mixed mode, sharing, tiered, compressed oops, compressed class ptrs, g1 gc, windows-amd64)
GC Precious Log:
 CardTable entry size: 512
 Card Set container configuration: InlinePtr #cards 5 size 8 Array Of Cards #cards 12 size 40 Howl #buckets 4 coarsen threshold 1843 Howl Bitmap #cards 512 size 80 coarsen threshold 460 Card regions per heap region 1 cards per card region 2048
 CPUs: 8 total, 8 available
 Memory: 8006M
 Large Page Support: Disabled
 NUMA Support: Disabled
 Compressed Oops: Enabled (32-bit)
 Heap Region Size: 1M
 Heap Min Capacity: 8M
 Heap Initial Capacity: 126M
 Heap Max Capacity: 2002M
 Pre-touch: Disabled
 Parallel Workers: 8
 Concurrent Workers: 2
 Concurrent Refinement Workers: 8
 Periodic GC: Disabled
Heap:
 garbage-first heap   total 260096K, used 157473K [0x0000000082e00000, 0x0000000100000000)
  region size 1024K, 6 young (6144K), 1 survivors (1024K)
 Metaspace       used 23260K, committed 23488K, reserved 1114112K
  class space    used 2455K, committed 2560K, reserved 1048576K
GC Heap History (20 events):
Event: 52.076 GC heap before
{Heap before GC invocations=17 (full 0):
 garbage-first heap   total 227328K, used 159254K [0x0000000082e00000, 0x0000000100000000)
  region size 1024K, 28 young (28672K), 2 survivors (2048K)
 Metaspace       used 23136K, committed 23360K, reserved 1114112K
  class space    used 2455K, committed 2560K, reserved 1048576K
}
Event: 52.079 GC heap after
{Heap after GC invocations=18 (full 0):
 garbage-first heap   total 227328K, used 131605K [0x0000000082e00000, 0x0000000100000000)
  region size 1024K, 2 young (2048K), 2 survivors (2048K)
 Metaspace       used 23136K, committed 23360K, reserved 1114112K
  class space    used 2455K, committed 2560K, reserved 1048576K
}
Event: 62.579 GC heap before
{Heap before GC invocations=19 (full 0):
 garbage-first heap   total 232448K, used 160277K [0x0000000082e00000, 0x0000000100000000)
  region size 1024K, 25 young (25600K), 2 survivors (2048K)
 Metaspace       used 23146K, committed 23360K, reserved 1114112K
  class space    used 2455K, committed 2560K, reserved 1048576K
}
Event: 62.583 GC heap after
{Heap after GC invocations=20 (full 0):
 garbage-first heap   total 232448K, used 134681K [0x0000000082e00000, 0x0000000100000000)
  region size 1024K, 2 young (2048K), 2 survivors (2048K)
 Metaspace       used 23146K, committed 23360K, reserved 1114112K
  class space    used 2455K, committed 2560K, reserved 1048576K
}
Event: 62.778 GC heap before
{Heap before GC invocations=21 (full 0):
 garbage-first heap   total 247808K, used 159257K [0x0000000082e00000, 0x0000000100000000)
  region size 1024K, 15 young (15360K), 2 survivors (2048K)
 Metaspace       used 23146K, committed 23360K, reserved 1114112K
  class space    used 2455K, committed 2560K, reserved 1048576K
}
Event: 62.781 GC heap after
{Heap after GC invocations=22 (full 0):
 garbage-first heap   total 247808K, used 143912K [0x0000000082e00000, 0x0000000100000000)
  region size 1024K, 2 young (2048K), 2 survivors (2048K)
 Metaspace       used 23146K, committed 23360K, reserved 1114112K
  class space    used 2455K, committed 2560K, reserved 1048576K
}
Event: 73.304 GC heap before
{Heap before GC invocations=23 (full 0):
 garbage-first heap   total 252928K, used 170536K [0x0000000082e00000, 0x0000000100000000)
  region size 1024K, 23 young (23552K), 2 survivors (2048K)
 Metaspace       used 23155K, committed 23360K, reserved 1114112K
  class space    used 2455K, committed 2560K, reserved 1048576K
}
Event: 73.308 GC heap after
{Heap after GC invocations=24 (full 0):
 garbage-first heap   total 252928K, used 147030K [0x0000000082e00000, 0x0000000100000000)
  region size 1024K, 2 young (2048K), 2 survivors (2048K)
 Metaspace       used 23155K, committed 23360K, reserved 1114112K
  class space    used 2455K, committed 2560K, reserved 1048576K
}
Event: 83.976 GC heap before
{Heap before GC invocations=25 (full 0):
 garbage-first heap   total 258048K, used 175702K [0x0000000082e00000, 0x0000000100000000)
  region size 1024K, 25 young (25600K), 2 survivors (2048K)
 Metaspace       used 23173K, committed 23360K, reserved 1114112K
  class space    used 2455K, committed 2560K, reserved 1048576K
}
Event: 83.979 GC heap after
{Heap after GC invocations=26 (full 0):
 garbage-first heap   total 258048K, used 147145K [0x0000000082e00000, 0x0000000100000000)
  region size 1024K, 2 young (2048K), 2 survivors (2048K)
 Metaspace       used 23173K, committed 23360K, reserved 1114112K
  class space    used 2455K, committed 2560K, reserved 1048576K
}
Event: 94.688 GC heap before
{Heap before GC invocations=27 (full 0):
 garbage-first heap   total 258048K, used 159433K [0x0000000082e00000, 0x0000000100000000)
  region size 1024K, 9 young (9216K), 2 survivors (2048K)
 Metaspace       used 23198K, committed 23424K, reserved 1114112K
  class space    used 2455K, committed 2560K, reserved 1048576K
}
Event: 94.691 GC heap after
{Heap after GC invocations=28 (full 0):
 garbage-first heap   total 258048K, used 147001K [0x0000000082e00000, 0x0000000100000000)
  region size 1024K, 2 young (2048K), 2 survivors (2048K)
 Metaspace       used 23198K, committed 23424K, reserved 1114112K
  class space    used 2455K, committed 2560K, reserved 1048576K
}
Event: 105.162 GC heap before
{Heap before GC invocations=29 (full 0):
 garbage-first heap   total 258048K, used 160313K [0x0000000082e00000, 0x0000000100000000)
  region size 1024K, 10 young (10240K), 2 survivors (2048K)
 Metaspace       used 23203K, committed 23424K, reserved 1114112K
  class space    used 2455K, committed 2560K, reserved 1048576K
}
Event: 105.166 GC heap after
{Heap after GC invocations=30 (full 0):
 garbage-first heap   total 258048K, used 147015K [0x0000000082e00000, 0x0000000100000000)
  region size 1024K, 2 young (2048K), 2 survivors (2048K)
 Metaspace       used 23203K, committed 23424K, reserved 1114112K
  class space    used 2455K, committed 2560K, reserved 1048576K
}
Event: 115.828 GC heap before
{Heap before GC invocations=31 (full 0):
 garbage-first heap   total 258048K, used 159303K [0x0000000082e00000, 0x0000000100000000)
  region size 1024K, 9 young (9216K), 2 survivors (2048K)
 Metaspace       used 23207K, committed 23424K, reserved 1114112K
  class space    used 2455K, committed 2560K, reserved 1048576K
}
Event: 115.832 GC heap after
{Heap after GC invocations=32 (full 0):
 garbage-first heap   total 258048K, used 146993K [0x0000000082e00000, 0x0000000100000000)
  region size 1024K, 2 young (2048K), 2 survivors (2048K)
 Metaspace       used 23207K, committed 23424K, reserved 1114112K
  class space    used 2455K, committed 2560K, reserved 1048576K
}
Event: 126.857 GC heap before
{Heap before GC invocations=33 (full 0):
 garbage-first heap   total 260096K, used 159281K [0x0000000082e00000, 0x0000000100000000)
  region size 1024K, 9 young (9216K), 2 survivors (2048K)
 Metaspace       used 23214K, committed 23424K, reserved 1114112K
  class space    used 2455K, committed 2560K, reserved 1048576K
}
Event: 126.862 GC heap after
{Heap after GC invocations=34 (full 0):
 garbage-first heap   total 260096K, used 147281K [0x0000000082e00000, 0x0000000100000000)
  region size 1024K, 1 young (1024K), 1 survivors (1024K)
 Metaspace       used 23214K, committed 23424K, reserved 1114112K
  class space    used 2455K, committed 2560K, reserved 1048576K
}
Event: 137.669 GC heap before
{Heap before GC invocations=35 (full 0):
 garbage-first heap   total 260096K, used 160593K [0x0000000082e00000, 0x0000000100000000)
  region size 1024K, 9 young (9216K), 1 survivors (1024K)
 Metaspace       used 23224K, committed 23424K, reserved 1114112K
  class space    used 2455K, committed 2560K, reserved 1048576K
}
Event: 137.672 GC heap after
{Heap after GC invocations=36 (full 0):
 garbage-first heap   total 260096K, used 147233K [0x0000000082e00000, 0x0000000100000000)
  region size 1024K, 1 young (1024K), 1 survivors (1024K)
 Metaspace       used 23224K, committed 23424K, reserved 1114112K
  class space    used 2455K, committed 2560K, reserved 1048576K
}

