# JRE version: Java(TM) SE Runtime Environment (18.0.2.1+1) (build 18.0.2.1+1-1)
# Java VM: Java HotSpot(TM) 64-Bit Server VM (18.0.2.1+1-1, mixed mode, sharing, tiered, compressed oops, compressed class ptrs, g1 gc, windows-amd64)
GC Precious Log:
 CardTable entry size: 512
 Card Set container configuration: InlinePtr #cards 5 size 8 Array Of Cards #cards 12 size 40 Howl #buckets 4 coarsen threshold 1843 Howl Bitmap #cards 512 size 80 coarsen threshold 460 Card regions per heap region 1 cards per card region 2048
 CPUs: 8 total, 8 available
 Memory: 8006M
 Large Page Support: Disabled
 NUMA Support: Disabled
 Compressed Oops: Enabled (32-bit)
 Heap Region Size: 1M
 Heap Min Capacity: 8M
 Heap Initial Capacity: 126M
 Heap Max Capacity: 2002M
 Pre-touch: Disabled
 Parallel Workers: 8
 Concurrent Workers: 2
 Concurrent Refinement Workers: 8
 Periodic GC: Disabled
Heap:
 garbage-first heap   total 224256K, used 150805K [0x0000000082e00000, 0x0000000100000000)
  region size 1024K, 2 young (2048K), 1 survivors (1024K)
 Metaspace       used 23661K, committed 24000K, reserved 1114112K
  class space    used 2507K, committed 2688K, reserved 1048576K
GC Heap History (20 events):
Event: 28.852 GC heap before
{Heap before GC invocations=6 (full 0):
 garbage-first heap   total 133120K, used 83152K [0x0000000082e00000, 0x0000000100000000)
  region size 1024K, 11 young (11264K), 4 survivors (4096K)
 Metaspace       used 22649K, committed 22976K, reserved 1114112K
  class space    used 2447K, committed 2624K, reserved 1048576K
}
Event: 28.858 GC heap after
{Heap after GC invocations=7 (full 0):
 garbage-first heap   total 133120K, used 73280K [0x0000000082e00000, 0x0000000100000000)
  region size 1024K, 1 young (1024K), 1 survivors (1024K)
 Metaspace       used 22649K, committed 22976K, reserved 1114112K
  class space    used 2447K, committed 2624K, reserved 1048576K
}
Event: 36.994 GC heap before
{Heap before GC invocations=8 (full 0):
 garbage-first heap   total 142336K, used 123456K [0x0000000082e00000, 0x0000000100000000)
  region size 1024K, 36 young (36864K), 1 survivors (1024K)
 Metaspace       used 22867K, committed 23232K, reserved 1114112K
  class space    used 2449K, committed 2624K, reserved 1048576K
}
Event: 36.995 GC heap after
{Heap after GC invocations=9 (full 0):
 garbage-first heap   total 142336K, used 85888K [0x0000000082e00000, 0x0000000100000000)
  region size 1024K, 1 young (1024K), 1 survivors (1024K)
 Metaspace       used 22867K, committed 23232K, reserved 1114112K
  class space    used 2449K, committed 2624K, reserved 1048576K
}
Event: 37.800 GC heap before
{Heap before GC invocations=9 (full 0):
 garbage-first heap   total 142336K, used 91008K [0x0000000082e00000, 0x0000000100000000)
  region size 1024K, 6 young (6144K), 1 survivors (1024K)
 Metaspace       used 23025K, committed 23296K, reserved 1114112K
  class space    used 2453K, committed 2624K, reserved 1048576K
}
Event: 37.806 GC heap after
{Heap after GC invocations=10 (full 0):
 garbage-first heap   total 142336K, used 85894K [0x0000000082e00000, 0x0000000100000000)
  region size 1024K, 1 young (1024K), 1 survivors (1024K)
 Metaspace       used 23025K, committed 23296K, reserved 1114112K
  class space    used 2453K, committed 2624K, reserved 1048576K
}
Event: 39.722 GC heap before
{Heap before GC invocations=10 (full 0):
 garbage-first heap   total 142336K, used 111494K [0x0000000082e00000, 0x0000000100000000)
  region size 1024K, 28 young (28672K), 1 survivors (1024K)
 Metaspace       used 23352K, committed 23680K, reserved 1114112K
  class space    used 2479K, committed 2688K, reserved 1048576K
}
Event: 39.725 GC heap after
{Heap after GC invocations=11 (full 0):
 garbage-first heap   total 142336K, used 88607K [0x0000000082e00000, 0x0000000100000000)
  region size 1024K, 4 young (4096K), 4 survivors (4096K)
 Metaspace       used 23352K, committed 23680K, reserved 1114112K
  class space    used 2479K, committed 2688K, reserved 1048576K
}
Event: 41.528 GC heap before
{Heap before GC invocations=12 (full 0):
 garbage-first heap   total 188416K, used 142879K [0x0000000082e00000, 0x0000000100000000)
  region size 1024K, 33 young (33792K), 4 survivors (4096K)
 Metaspace       used 23374K, committed 23744K, reserved 1114112K
  class space    used 2479K, committed 2688K, reserved 1048576K
}
Event: 41.530 GC heap after
{Heap after GC invocations=13 (full 0):
 garbage-first heap   total 188416K, used 108842K [0x0000000082e00000, 0x0000000100000000)
  region size 1024K, 1 young (1024K), 1 survivors (1024K)
 Metaspace       used 23374K, committed 23744K, reserved 1114112K
  class space    used 2479K, committed 2688K, reserved 1048576K
}
Event: 46.008 GC heap before
{Heap before GC invocations=13 (full 0):
 garbage-first heap   total 188416K, used 117034K [0x0000000082e00000, 0x0000000100000000)
  region size 1024K, 9 young (9216K), 1 survivors (1024K)
 Metaspace       used 23384K, committed 23744K, reserved 1114112K
  class space    used 2479K, committed 2688K, reserved 1048576K
}
Event: 46.013 GC heap after
{Heap after GC invocations=14 (full 0):
 garbage-first heap   total 188416K, used 108608K [0x0000000082e00000, 0x0000000100000000)
  region size 1024K, 1 young (1024K), 1 survivors (1024K)
 Metaspace       used 23384K, committed 23744K, reserved 1114112K
  class space    used 2479K, committed 2688K, reserved 1048576K
}
Event: 50.586 GC heap before
{Heap before GC invocations=14 (full 0):
 garbage-first heap   total 188416K, used 116800K [0x0000000082e00000, 0x0000000100000000)
  region size 1024K, 10 young (10240K), 1 survivors (1024K)
 Metaspace       used 23384K, committed 23744K, reserved 1114112K
  class space    used 2479K, committed 2688K, reserved 1048576K
}
Event: 50.588 GC heap after
{Heap after GC invocations=15 (full 0):
 garbage-first heap   total 188416K, used 108595K [0x0000000082e00000, 0x0000000100000000)
  region size 1024K, 1 young (1024K), 1 survivors (1024K)
 Metaspace       used 23384K, committed 23744K, reserved 1114112K
  class space    used 2479K, committed 2688K, reserved 1048576K
}
Event: 61.376 GC heap before
{Heap before GC invocations=16 (full 0):
 garbage-first heap   total 224256K, used 201779K [0x0000000082e00000, 0x0000000100000000)
  region size 1024K, 52 young (53248K), 1 survivors (1024K)
 Metaspace       used 23660K, committed 24000K, reserved 1114112K
  class space    used 2507K, committed 2688K, reserved 1048576K
}
Event: 61.378 GC heap after
{Heap after GC invocations=17 (full 0):
 garbage-first heap   total 224256K, used 147859K [0x0000000082e00000, 0x0000000100000000)
  region size 1024K, 1 young (1024K), 1 survivors (1024K)
 Metaspace       used 23660K, committed 24000K, reserved 1114112K
  class space    used 2507K, committed 2688K, reserved 1048576K
}
Event: 61.440 GC heap before
{Heap before GC invocations=17 (full 0):
 garbage-first heap   total 224256K, used 157075K [0x0000000082e00000, 0x0000000100000000)
  region size 1024K, 10 young (10240K), 1 survivors (1024K)
 Metaspace       used 23661K, committed 24000K, reserved 1114112K
  class space    used 2507K, committed 2688K, reserved 1048576K
}
Event: 61.443 GC heap after
{Heap after GC invocations=18 (full 0):
 garbage-first heap   total 224256K, used 144640K [0x0000000082e00000, 0x0000000100000000)
  region size 1024K, 1 young (1024K), 1 survivors (1024K)
 Metaspace       used 23661K, committed 24000K, reserved 1114112K
  class space    used 2507K, committed 2688K, reserved 1048576K
}
Event: 61.474 GC heap before
{Heap before GC invocations=18 (full 0):
 garbage-first heap   total 224256K, used 145664K [0x0000000082e00000, 0x0000000100000000)
  region size 1024K, 4 young (4096K), 1 survivors (1024K)
 Metaspace       used 23661K, committed 24000K, reserved 1114112K
  class space    used 2507K, committed 2688K, reserved 1048576K
}
Event: 61.477 GC heap after
{Heap after GC invocations=19 (full 0):
 garbage-first heap   total 224256K, used 144661K [0x0000000082e00000, 0x0000000100000000)
  region size 1024K, 1 young (1024K), 1 survivors (1024K)
 Metaspace       used 23661K, committed 24000K, reserved 1114112K
  class space    used 2507K, committed 2688K, reserved 1048576K
}

