# JRE version: Java(TM) SE Runtime Environment (18.0.2.1+1) (build 18.0.2.1+1-1)
# Java VM: Java HotSpot(TM) 64-Bit Server VM (18.0.2.1+1-1, mixed mode, sharing, tiered, compressed oops, compressed class ptrs, g1 gc, windows-amd64)
GC Precious Log:
 CardTable entry size: 512
 Card Set container configuration: InlinePtr #cards 5 size 8 Array Of Cards #cards 12 size 40 Howl #buckets 4 coarsen threshold 1843 Howl Bitmap #cards 512 size 80 coarsen threshold 460 Card regions per heap region 1 cards per card region 2048
 CPUs: 8 total, 8 available
 Memory: 8006M
 Large Page Support: Disabled
 NUMA Support: Disabled
 Compressed Oops: Enabled (32-bit)
 Heap Region Size: 1M
 Heap Min Capacity: 8M
 Heap Initial Capacity: 8M
 Heap Max Capacity: 2002M
 Pre-touch: Disabled
 Parallel Workers: 8
 Concurrent Workers: 2
 Concurrent Refinement Workers: 8
 Periodic GC: Disabled
Heap:
 garbage-first heap   total 30720K, used 15455K [0x0000000082e00000, 0x0000000100000000)
  region size 1024K, 1 young (1024K), 1 survivors (1024K)
 Metaspace       used 9822K, committed 10048K, reserved 1114112K
  class space    used 1075K, committed 1216K, reserved 1048576K
GC Heap History (20 events):
Event: 1.613 GC heap after
{Heap after GC invocations=7 (full 0):
 garbage-first heap   total 12288K, used 4144K [0x0000000082e00000, 0x0000000100000000)
  region size 1024K, 1 young (1024K), 1 survivors (1024K)
 Metaspace       used 8297K, committed 8512K, reserved 1114112K
  class space    used 908K, committed 1024K, reserved 1048576K
}
Event: 1.760 GC heap before
{Heap before GC invocations=7 (full 0):
 garbage-first heap   total 12288K, used 6192K [0x0000000082e00000, 0x0000000100000000)
  region size 1024K, 3 young (3072K), 1 survivors (1024K)
 Metaspace       used 8369K, committed 8576K, reserved 1114112K
  class space    used 908K, committed 1024K, reserved 1048576K
}
Event: 1.765 GC heap after
{Heap after GC invocations=8 (full 0):
 garbage-first heap   total 12288K, used 4635K [0x0000000082e00000, 0x0000000100000000)
  region size 1024K, 1 young (1024K), 1 survivors (1024K)
 Metaspace       used 8369K, committed 8576K, reserved 1114112K
  class space    used 908K, committed 1024K, reserved 1048576K
}
Event: 1.862 GC heap before
{Heap before GC invocations=8 (full 0):
 garbage-first heap   total 12288K, used 6683K [0x0000000082e00000, 0x0000000100000000)
  region size 1024K, 3 young (3072K), 1 survivors (1024K)
 Metaspace       used 8415K, committed 8640K, reserved 1114112K
  class space    used 913K, committed 1024K, reserved 1048576K
}
Event: 1.869 GC heap after
{Heap after GC invocations=9 (full 0):
 garbage-first heap   total 15360K, used 5293K [0x0000000082e00000, 0x0000000100000000)
  region size 1024K, 1 young (1024K), 1 survivors (1024K)
 Metaspace       used 8415K, committed 8640K, reserved 1114112K
  class space    used 913K, committed 1024K, reserved 1048576K
}
Event: 1.982 GC heap before
{Heap before GC invocations=9 (full 0):
 garbage-first heap   total 15360K, used 7341K [0x0000000082e00000, 0x0000000100000000)
  region size 1024K, 4 young (4096K), 1 survivors (1024K)
 Metaspace       used 8451K, committed 8640K, reserved 1114112K
  class space    used 916K, committed 1024K, reserved 1048576K
}
Event: 1.987 GC heap after
{Heap after GC invocations=10 (full 0):
 garbage-first heap   total 15360K, used 6091K [0x0000000082e00000, 0x0000000100000000)
  region size 1024K, 1 young (1024K), 1 survivors (1024K)
 Metaspace       used 8451K, committed 8640K, reserved 1114112K
  class space    used 916K, committed 1024K, reserved 1048576K
}
Event: 2.021 GC heap before
{Heap before GC invocations=10 (full 0):
 garbage-first heap   total 15360K, used 8139K [0x0000000082e00000, 0x0000000100000000)
  region size 1024K, 3 young (3072K), 1 survivors (1024K)
 Metaspace       used 8453K, committed 8640K, reserved 1114112K
  class space    used 916K, committed 1024K, reserved 1048576K
}
Event: 2.026 GC heap after
{Heap after GC invocations=11 (full 0):
 garbage-first heap   total 15360K, used 6498K [0x0000000082e00000, 0x0000000100000000)
  region size 1024K, 1 young (1024K), 1 survivors (1024K)
 Metaspace       used 8453K, committed 8640K, reserved 1114112K
  class space    used 916K, committed 1024K, reserved 1048576K
}
Event: 2.071 GC heap before
{Heap before GC invocations=11 (full 0):
 garbage-first heap   total 15360K, used 9570K [0x0000000082e00000, 0x0000000100000000)
  region size 1024K, 4 young (4096K), 1 survivors (1024K)
 Metaspace       used 8470K, committed 8640K, reserved 1114112K
  class space    used 917K, committed 1024K, reserved 1048576K
}
Event: 2.076 GC heap after
{Heap after GC invocations=12 (full 0):
 garbage-first heap   total 15360K, used 7409K [0x0000000082e00000, 0x0000000100000000)
  region size 1024K, 1 young (1024K), 1 survivors (1024K)
 Metaspace       used 8470K, committed 8640K, reserved 1114112K
  class space    used 917K, committed 1024K, reserved 1048576K
}
Event: 2.105 GC heap before
{Heap before GC invocations=12 (full 0):
 garbage-first heap   total 15360K, used 8433K [0x0000000082e00000, 0x0000000100000000)
  region size 1024K, 3 young (3072K), 1 survivors (1024K)
 Metaspace       used 8471K, committed 8640K, reserved 1114112K
  class space    used 917K, committed 1024K, reserved 1048576K
}
Event: 2.111 GC heap after
{Heap after GC invocations=13 (full 0):
 garbage-first heap   total 30720K, used 7947K [0x0000000082e00000, 0x0000000100000000)
  region size 1024K, 1 young (1024K), 1 survivors (1024K)
 Metaspace       used 8471K, committed 8640K, reserved 1114112K
  class space    used 917K, committed 1024K, reserved 1048576K
}
Event: 2.284 GC heap before
{Heap before GC invocations=14 (full 0):
 garbage-first heap   total 30720K, used 16139K [0x0000000082e00000, 0x0000000100000000)
  region size 1024K, 10 young (10240K), 1 survivors (1024K)
 Metaspace       used 8479K, committed 8704K, reserved 1114112K
  class space    used 917K, committed 1024K, reserved 1048576K
}
Event: 2.294 GC heap after
{Heap after GC invocations=15 (full 0):
 garbage-first heap   total 30720K, used 10400K [0x0000000082e00000, 0x0000000100000000)
  region size 1024K, 2 young (2048K), 2 survivors (2048K)
 Metaspace       used 8479K, committed 8704K, reserved 1114112K
  class space    used 917K, committed 1024K, reserved 1048576K
}
Event: 2.759 GC heap before
{Heap before GC invocations=15 (full 0):
 garbage-first heap   total 30720K, used 18592K [0x0000000082e00000, 0x0000000100000000)
  region size 1024K, 9 young (9216K), 2 survivors (2048K)
 Metaspace       used 9341K, committed 9536K, reserved 1114112K
  class space    used 1020K, committed 1088K, reserved 1048576K
}
Event: 2.775 GC heap after
{Heap after GC invocations=16 (full 0):
 garbage-first heap   total 30720K, used 12911K [0x0000000082e00000, 0x0000000100000000)
  region size 1024K, 2 young (2048K), 2 survivors (2048K)
 Metaspace       used 9341K, committed 9536K, reserved 1114112K
  class space    used 1020K, committed 1088K, reserved 1048576K
}
Event: 3.020 GC heap before
{Heap before GC invocations=16 (full 0):
 garbage-first heap   total 30720K, used 19055K [0x0000000082e00000, 0x0000000100000000)
  region size 1024K, 8 young (8192K), 2 survivors (2048K)
 Metaspace       used 9598K, committed 9920K, reserved 1114112K
  class space    used 1050K, committed 1216K, reserved 1048576K
}
Event: 3.033 GC heap after
{Heap after GC invocations=17 (full 0):
 garbage-first heap   total 30720K, used 14336K [0x0000000082e00000, 0x0000000100000000)
  region size 1024K, 1 young (1024K), 1 survivors (1024K)
 Metaspace       used 9598K, committed 9920K, reserved 1114112K
  class space    used 1050K, committed 1216K, reserved 1048576K
}
Event: 3.148 GC heap before
{Heap before GC invocations=17 (full 0):
 garbage-first heap   total 30720K, used 20480K [0x0000000082e00000, 0x0000000100000000)
  region size 1024K, 7 young (7168K), 1 survivors (1024K)
 Metaspace       used 9822K, committed 10048K, reserved 1114112K
  class space    used 1075K, committed 1216K, reserved 1048576K
}

