# JRE version: Java(TM) SE Runtime Environment (18.0.2.1+1) (build 18.0.2.1+1-1)
# Java VM: Java HotSpot(TM) 64-Bit Server VM (18.0.2.1+1-1, mixed mode, sharing, tiered, compressed oops, compressed class ptrs, g1 gc, windows-amd64)
GC Precious Log:
 CardTable entry size: 512
 Card Set container configuration: InlinePtr #cards 5 size 8 Array Of Cards #cards 12 size 40 Howl #buckets 4 coarsen threshold 1843 Howl Bitmap #cards 512 size 80 coarsen threshold 460 Card regions per heap region 1 cards per card region 2048
 CPUs: 8 total, 8 available
 Memory: 8006M
 Large Page Support: Disabled
 NUMA Support: Disabled
 Compressed Oops: Enabled (32-bit)
 Heap Region Size: 1M
 Heap Min Capacity: 8M
 Heap Initial Capacity: 126M
 Heap Max Capacity: 2002M
 Pre-touch: Disabled
 Parallel Workers: 8
 Concurrent Workers: 2
 Concurrent Refinement Workers: 8
 Periodic GC: Disabled
Heap:
 garbage-first heap   total 135168K, used 84682K [0x0000000082e00000, 0x0000000100000000)
  region size 1024K, 1 young (1024K), 1 survivors (1024K)
 Metaspace       used 24005K, committed 24320K, reserved 1114112K
  class space    used 2518K, committed 2688K, reserved 1048576K
GC Heap History (19 events):
Event: 5.720 GC heap before
{Heap before GC invocations=0 (full 0):
 garbage-first heap   total 129024K, used 26624K [0x0000000082e00000, 0x0000000100000000)
  region size 1024K, 23 young (23552K), 0 survivors (0K)
 Metaspace       used 14106K, committed 14400K, reserved 1114112K
  class space    used 1536K, committed 1664K, reserved 1048576K
}
Event: 5.733 GC heap after
{Heap after GC invocations=1 (full 0):
 garbage-first heap   total 129024K, used 9882K [0x0000000082e00000, 0x0000000100000000)
  region size 1024K, 3 young (3072K), 3 survivors (3072K)
 Metaspace       used 14106K, committed 14400K, reserved 1114112K
  class space    used 1536K, committed 1664K, reserved 1048576K
}
Event: 6.982 GC heap before
{Heap before GC invocations=1 (full 0):
 garbage-first heap   total 129024K, used 49818K [0x0000000082e00000, 0x0000000100000000)
  region size 1024K, 23 young (23552K), 3 survivors (3072K)
 Metaspace       used 19136K, committed 19392K, reserved 1114112K
  class space    used 2053K, committed 2176K, reserved 1048576K
}
Event: 6.993 GC heap after
{Heap after GC invocations=2 (full 0):
 garbage-first heap   total 129024K, used 30521K [0x0000000082e00000, 0x0000000100000000)
  region size 1024K, 2 young (2048K), 2 survivors (2048K)
 Metaspace       used 19136K, committed 19392K, reserved 1114112K
  class space    used 2053K, committed 2176K, reserved 1048576K
}
Event: 11.732 GC heap before
{Heap before GC invocations=2 (full 0):
 garbage-first heap   total 129024K, used 77625K [0x0000000082e00000, 0x0000000100000000)
  region size 1024K, 21 young (21504K), 2 survivors (2048K)
 Metaspace       used 21250K, committed 21504K, reserved 1114112K
  class space    used 2343K, committed 2432K, reserved 1048576K
}
Event: 11.737 GC heap after
{Heap after GC invocations=3 (full 0):
 garbage-first heap   total 129024K, used 53338K [0x0000000082e00000, 0x0000000100000000)
  region size 1024K, 2 young (2048K), 2 survivors (2048K)
 Metaspace       used 21250K, committed 21504K, reserved 1114112K
  class space    used 2343K, committed 2432K, reserved 1048576K
}
Event: 19.242 GC heap before
{Heap before GC invocations=4 (full 0):
 garbage-first heap   total 129024K, used 82010K [0x0000000082e00000, 0x0000000100000000)
  region size 1024K, 33 young (33792K), 2 survivors (2048K)
 Metaspace       used 22975K, committed 23232K, reserved 1114112K
  class space    used 2474K, committed 2624K, reserved 1048576K
}
Event: 19.251 GC heap after
{Heap after GC invocations=5 (full 0):
 garbage-first heap   total 129024K, used 42306K [0x0000000082e00000, 0x0000000100000000)
  region size 1024K, 4 young (4096K), 4 survivors (4096K)
 Metaspace       used 22975K, committed 23232K, reserved 1114112K
  class space    used 2474K, committed 2624K, reserved 1048576K
}
Event: 19.502 GC heap before
{Heap before GC invocations=5 (full 0):
 garbage-first heap   total 129024K, used 105794K [0x0000000082e00000, 0x0000000100000000)
  region size 1024K, 37 young (37888K), 4 survivors (4096K)
 Metaspace       used 22975K, committed 23232K, reserved 1114112K
  class space    used 2474K, committed 2624K, reserved 1048576K
}
Event: 19.507 GC heap after
{Heap after GC invocations=6 (full 0):
 garbage-first heap   total 129024K, used 73025K [0x0000000082e00000, 0x0000000100000000)
  region size 1024K, 3 young (3072K), 3 survivors (3072K)
 Metaspace       used 22975K, committed 23232K, reserved 1114112K
  class space    used 2474K, committed 2624K, reserved 1048576K
}
Event: 21.983 GC heap before
{Heap before GC invocations=7 (full 0):
 garbage-first heap   total 135168K, used 111937K [0x0000000082e00000, 0x0000000100000000)
  region size 1024K, 35 young (35840K), 3 survivors (3072K)
 Metaspace       used 23429K, committed 23744K, reserved 1114112K
  class space    used 2500K, committed 2688K, reserved 1048576K
}
Event: 21.992 GC heap after
{Heap after GC invocations=8 (full 0):
 garbage-first heap   total 135168K, used 78967K [0x0000000082e00000, 0x0000000100000000)
  region size 1024K, 5 young (5120K), 5 survivors (5120K)
 Metaspace       used 23429K, committed 23744K, reserved 1114112K
  class space    used 2500K, committed 2688K, reserved 1048576K
}
Event: 29.844 GC heap before
{Heap before GC invocations=8 (full 0):
 garbage-first heap   total 135168K, used 110711K [0x0000000082e00000, 0x0000000100000000)
  region size 1024K, 36 young (36864K), 5 survivors (5120K)
 Metaspace       used 23676K, committed 24000K, reserved 1114112K
  class space    used 2507K, committed 2688K, reserved 1048576K
}
Event: 29.850 GC heap after
{Heap after GC invocations=9 (full 0):
 garbage-first heap   total 135168K, used 76588K [0x0000000082e00000, 0x0000000100000000)
  region size 1024K, 3 young (3072K), 3 survivors (3072K)
 Metaspace       used 23676K, committed 24000K, reserved 1114112K
  class space    used 2507K, committed 2688K, reserved 1048576K
}
Event: 31.355 GC heap before
{Heap before GC invocations=10 (full 0):
 garbage-first heap   total 135168K, used 118572K [0x0000000082e00000, 0x0000000100000000)
  region size 1024K, 36 young (36864K), 3 survivors (3072K)
 Metaspace       used 23997K, committed 24320K, reserved 1114112K
  class space    used 2518K, committed 2688K, reserved 1048576K
}
Event: 31.359 GC heap after
{Heap after GC invocations=11 (full 0):
 garbage-first heap   total 135168K, used 86629K [0x0000000082e00000, 0x0000000100000000)
  region size 1024K, 4 young (4096K), 4 survivors (4096K)
 Metaspace       used 23997K, committed 24320K, reserved 1114112K
  class space    used 2518K, committed 2688K, reserved 1048576K
}
Event: 31.376 GC heap before
{Heap before GC invocations=11 (full 0):
 garbage-first heap   total 135168K, used 87653K [0x0000000082e00000, 0x0000000100000000)
  region size 1024K, 6 young (6144K), 4 survivors (4096K)
 Metaspace       used 24003K, committed 24320K, reserved 1114112K
  class space    used 2518K, committed 2688K, reserved 1048576K
}
Event: 31.383 GC heap after
{Heap after GC invocations=12 (full 0):
 garbage-first heap   total 135168K, used 84888K [0x0000000082e00000, 0x0000000100000000)
  region size 1024K, 1 young (1024K), 1 survivors (1024K)
 Metaspace       used 24003K, committed 24320K, reserved 1114112K
  class space    used 2518K, committed 2688K, reserved 1048576K
}
Event: 31.445 GC heap before
{Heap before GC invocations=12 (full 0):
 garbage-first heap   total 135168K, used 85912K [0x0000000082e00000, 0x0000000100000000)
  region size 1024K, 4 young (4096K), 1 survivors (1024K)
 Metaspace       used 24005K, committed 24320K, reserved 1114112K
  class space    used 2518K, committed 2688K, reserved 1048576K
}

