# JRE version: Java(TM) SE Runtime Environment (18.0.2+9) (build 18.0.2+9-61)
# Java VM: Java HotSpot(TM) 64-Bit Server VM (18.0.2+9-61, mixed mode, sharing, tiered, compressed oops, compressed class ptrs, g1 gc, windows-amd64)
GC Precious Log:
 CardTable entry size: 512
 Card Set container configuration: InlinePtr #cards 5 size 8 Array Of Cards #cards 12 size 40 Howl #buckets 4 coarsen threshold 1843 Howl Bitmap #cards 512 size 80 coarsen threshold 460 Card regions per heap region 1 cards per card region 2048
 CPUs: 8 total, 8 available
 Memory: 8006M
 Large Page Support: Disabled
 NUMA Support: Disabled
 Compressed Oops: Enabled (32-bit)
 Heap Region Size: 1M
 Heap Min Capacity: 8M
 Heap Initial Capacity: 126M
 Heap Max Capacity: 2002M
 Pre-touch: Disabled
 Parallel Workers: 8
 Concurrent Workers: 2
 Concurrent Refinement Workers: 8
 Periodic GC: Disabled
Heap:
 garbage-first heap   total 135168K, used 110542K [0x0000000082e00000, 0x0000000100000000)
  region size 1024K, 33 young (33792K), 1 survivors (1024K)
 Metaspace       used 19389K, committed 19712K, reserved 1114112K
  class space    used 2055K, committed 2240K, reserved 1048576K
GC Heap History (8 events):
Event: 6.147 GC heap before
{Heap before GC invocations=0 (full 0):
 garbage-first heap   total 129024K, used 26624K [0x0000000082e00000, 0x0000000100000000)
  region size 1024K, 23 young (23552K), 0 survivors (0K)
 Metaspace       used 14210K, committed 14528K, reserved 1114112K
  class space    used 1553K, committed 1728K, reserved 1048576K
}
Event: 6.157 GC heap after
{Heap after GC invocations=1 (full 0):
 garbage-first heap   total 129024K, used 9945K [0x0000000082e00000, 0x0000000100000000)
  region size 1024K, 3 young (3072K), 3 survivors (3072K)
 Metaspace       used 14210K, committed 14528K, reserved 1114112K
  class space    used 1553K, committed 1728K, reserved 1048576K
}
Event: 9.012 GC heap before
{Heap before GC invocations=1 (full 0):
 garbage-first heap   total 129024K, used 44761K [0x0000000082e00000, 0x0000000100000000)
  region size 1024K, 19 young (19456K), 3 survivors (3072K)
 Metaspace       used 19010K, committed 19264K, reserved 1114112K
  class space    used 2041K, committed 2176K, reserved 1048576K
}
Event: 9.021 GC heap after
{Heap after GC invocations=2 (full 0):
 garbage-first heap   total 129024K, used 30689K [0x0000000082e00000, 0x0000000100000000)
  region size 1024K, 1 young (1024K), 1 survivors (1024K)
 Metaspace       used 19010K, committed 19264K, reserved 1114112K
  class space    used 2041K, committed 2176K, reserved 1048576K
}
Event: 20.787 GC heap before
{Heap before GC invocations=2 (full 0):
 garbage-first heap   total 129024K, used 88033K [0x0000000082e00000, 0x0000000100000000)
  region size 1024K, 31 young (31744K), 1 survivors (1024K)
 Metaspace       used 19340K, committed 19648K, reserved 1114112K
  class space    used 2046K, committed 2176K, reserved 1048576K
}
Event: 20.790 GC heap after
{Heap after GC invocations=3 (full 0):
 garbage-first heap   total 129024K, used 53239K [0x0000000082e00000, 0x0000000100000000)
  region size 1024K, 1 young (1024K), 1 survivors (1024K)
 Metaspace       used 19340K, committed 19648K, reserved 1114112K
  class space    used 2046K, committed 2176K, reserved 1048576K
}
Event: 21.063 GC heap before
{Heap before GC invocations=3 (full 0):
 garbage-first heap   total 129024K, used 115703K [0x0000000082e00000, 0x0000000100000000)
  region size 1024K, 33 young (33792K), 1 survivors (1024K)
 Metaspace       used 19340K, committed 19648K, reserved 1114112K
  class space    used 2046K, committed 2176K, reserved 1048576K
}
Event: 21.066 GC heap after
{Heap after GC invocations=4 (full 0):
 garbage-first heap   total 129024K, used 73678K [0x0000000082e00000, 0x0000000100000000)
  region size 1024K, 1 young (1024K), 1 survivors (1024K)
 Metaspace       used 19340K, committed 19648K, reserved 1114112K
  class space    used 2046K, committed 2176K, reserved 1048576K
}

