# JRE version: Java(TM) SE Runtime Environment (18.0.2+9) (build 18.0.2+9-61)
# Java VM: Java HotSpot(TM) 64-Bit Server VM (18.0.2+9-61, mixed mode, sharing, tiered, compressed oops, compressed class ptrs, g1 gc, windows-amd64)
GC Precious Log:
 CardTable entry size: 512
 Card Set container configuration: InlinePtr #cards 5 size 8 Array Of Cards #cards 12 size 40 Howl #buckets 4 coarsen threshold 1843 Howl Bitmap #cards 512 size 80 coarsen threshold 460 Card regions per heap region 1 cards per card region 2048
 CPUs: 8 total, 8 available
 Memory: 8006M
 Large Page Support: Disabled
 NUMA Support: Disabled
 Compressed Oops: Enabled (32-bit)
 Heap Region Size: 1M
 Heap Min Capacity: 8M
 Heap Initial Capacity: 8M
 Heap Max Capacity: 2002M
 Pre-touch: Disabled
 Parallel Workers: 8
 Concurrent Workers: 2
 Concurrent Refinement Workers: 8
 Periodic GC: Disabled
Heap:
 garbage-first heap   total 16384K, used 8401K [0x0000000082e00000, 0x0000000100000000)
  region size 1024K, 1 young (1024K), 1 survivors (1024K)
 Metaspace       used 8477K, committed 8640K, reserved 1114112K
  class space    used 917K, committed 1024K, reserved 1048576K
GC Heap History (20 events):
Event: 0.644 GC heap after
{Heap after GC invocations=3 (full 0):
 garbage-first heap   total 8192K, used 1472K [0x0000000082e00000, 0x0000000100000000)
  region size 1024K, 1 young (1024K), 1 survivors (1024K)
 Metaspace       used 2756K, committed 2944K, reserved 1114112K
  class space    used 291K, committed 384K, reserved 1048576K
}
Event: 0.794 GC heap before
{Heap before GC invocations=3 (full 0):
 garbage-first heap   total 8192K, used 2496K [0x0000000082e00000, 0x0000000100000000)
  region size 1024K, 2 young (2048K), 1 survivors (1024K)
 Metaspace       used 4765K, committed 4928K, reserved 1114112K
  class space    used 567K, committed 640K, reserved 1048576K
}
Event: 0.797 GC heap after
{Heap after GC invocations=4 (full 0):
 garbage-first heap   total 8192K, used 1975K [0x0000000082e00000, 0x0000000100000000)
  region size 1024K, 1 young (1024K), 1 survivors (1024K)
 Metaspace       used 4765K, committed 4928K, reserved 1114112K
  class space    used 567K, committed 640K, reserved 1048576K
}
Event: 0.917 GC heap before
{Heap before GC invocations=4 (full 0):
 garbage-first heap   total 8192K, used 2999K [0x0000000082e00000, 0x0000000100000000)
  region size 1024K, 2 young (2048K), 1 survivors (1024K)
 Metaspace       used 6488K, committed 6656K, reserved 1114112K
  class space    used 751K, committed 832K, reserved 1048576K
}
Event: 0.921 GC heap after
{Heap after GC invocations=5 (full 0):
 garbage-first heap   total 12288K, used 2421K [0x0000000082e00000, 0x0000000100000000)
  region size 1024K, 1 young (1024K), 1 survivors (1024K)
 Metaspace       used 6488K, committed 6656K, reserved 1114112K
  class space    used 751K, committed 832K, reserved 1048576K
}
Event: 1.218 GC heap before
{Heap before GC invocations=5 (full 0):
 garbage-first heap   total 12288K, used 4469K [0x0000000082e00000, 0x0000000100000000)
  region size 1024K, 4 young (4096K), 1 survivors (1024K)
 Metaspace       used 8134K, committed 8320K, reserved 1114112K
  class space    used 904K, committed 960K, reserved 1048576K
}
Event: 1.222 GC heap after
{Heap after GC invocations=6 (full 0):
 garbage-first heap   total 12288K, used 3524K [0x0000000082e00000, 0x0000000100000000)
  region size 1024K, 1 young (1024K), 1 survivors (1024K)
 Metaspace       used 8134K, committed 8320K, reserved 1114112K
  class space    used 904K, committed 960K, reserved 1048576K
}
Event: 1.371 GC heap before
{Heap before GC invocations=6 (full 0):
 garbage-first heap   total 12288K, used 5572K [0x0000000082e00000, 0x0000000100000000)
  region size 1024K, 3 young (3072K), 1 survivors (1024K)
 Metaspace       used 8273K, committed 8512K, reserved 1114112K
  class space    used 908K, committed 1024K, reserved 1048576K
}
Event: 1.378 GC heap after
{Heap after GC invocations=7 (full 0):
 garbage-first heap   total 12288K, used 4173K [0x0000000082e00000, 0x0000000100000000)
  region size 1024K, 1 young (1024K), 1 survivors (1024K)
 Metaspace       used 8273K, committed 8512K, reserved 1114112K
  class space    used 908K, committed 1024K, reserved 1048576K
}
Event: 1.557 GC heap before
{Heap before GC invocations=7 (full 0):
 garbage-first heap   total 12288K, used 5197K [0x0000000082e00000, 0x0000000100000000)
  region size 1024K, 3 young (3072K), 1 survivors (1024K)
 Metaspace       used 8378K, committed 8576K, reserved 1114112K
  class space    used 908K, committed 1024K, reserved 1048576K
}
Event: 1.562 GC heap after
{Heap after GC invocations=8 (full 0):
 garbage-first heap   total 12288K, used 4660K [0x0000000082e00000, 0x0000000100000000)
  region size 1024K, 1 young (1024K), 1 survivors (1024K)
 Metaspace       used 8378K, committed 8576K, reserved 1114112K
  class space    used 908K, committed 1024K, reserved 1048576K
}
Event: 1.662 GC heap before
{Heap before GC invocations=8 (full 0):
 garbage-first heap   total 12288K, used 6708K [0x0000000082e00000, 0x0000000100000000)
  region size 1024K, 3 young (3072K), 1 survivors (1024K)
 Metaspace       used 8429K, committed 8640K, reserved 1114112K
  class space    used 915K, committed 1024K, reserved 1048576K
}
Event: 1.669 GC heap after
{Heap after GC invocations=9 (full 0):
 garbage-first heap   total 16384K, used 5213K [0x0000000082e00000, 0x0000000100000000)
  region size 1024K, 1 young (1024K), 1 survivors (1024K)
 Metaspace       used 8429K, committed 8640K, reserved 1114112K
  class space    used 915K, committed 1024K, reserved 1048576K
}
Event: 1.787 GC heap before
{Heap before GC invocations=9 (full 0):
 garbage-first heap   total 16384K, used 7261K [0x0000000082e00000, 0x0000000100000000)
  region size 1024K, 4 young (4096K), 1 survivors (1024K)
 Metaspace       used 8458K, committed 8640K, reserved 1114112K
  class space    used 916K, committed 1024K, reserved 1048576K
}
Event: 1.796 GC heap after
{Heap after GC invocations=10 (full 0):
 garbage-first heap   total 16384K, used 6011K [0x0000000082e00000, 0x0000000100000000)
  region size 1024K, 1 young (1024K), 1 survivors (1024K)
 Metaspace       used 8458K, committed 8640K, reserved 1114112K
  class space    used 916K, committed 1024K, reserved 1048576K
}
Event: 1.907 GC heap before
{Heap before GC invocations=10 (full 0):
 garbage-first heap   total 16384K, used 9083K [0x0000000082e00000, 0x0000000100000000)
  region size 1024K, 5 young (5120K), 1 survivors (1024K)
 Metaspace       used 8476K, committed 8640K, reserved 1114112K
  class space    used 917K, committed 1024K, reserved 1048576K
}
Event: 1.918 GC heap after
{Heap after GC invocations=11 (full 0):
 garbage-first heap   total 16384K, used 7283K [0x0000000082e00000, 0x0000000100000000)
  region size 1024K, 1 young (1024K), 1 survivors (1024K)
 Metaspace       used 8476K, committed 8640K, reserved 1114112K
  class space    used 917K, committed 1024K, reserved 1048576K
}
Event: 1.964 GC heap before
{Heap before GC invocations=11 (full 0):
 garbage-first heap   total 16384K, used 8307K [0x0000000082e00000, 0x0000000100000000)
  region size 1024K, 3 young (3072K), 1 survivors (1024K)
 Metaspace       used 8476K, committed 8640K, reserved 1114112K
  class space    used 917K, committed 1024K, reserved 1048576K
}
Event: 1.972 GC heap after
{Heap after GC invocations=12 (full 0):
 garbage-first heap   total 16384K, used 8171K [0x0000000082e00000, 0x0000000100000000)
  region size 1024K, 1 young (1024K), 1 survivors (1024K)
 Metaspace       used 8476K, committed 8640K, reserved 1114112K
  class space    used 917K, committed 1024K, reserved 1048576K
}
Event: 2.025 GC heap before
{Heap before GC invocations=12 (full 0):
 garbage-first heap   total 16384K, used 9195K [0x0000000082e00000, 0x0000000100000000)
  region size 1024K, 3 young (3072K), 1 survivors (1024K)
 Metaspace       used 8477K, committed 8640K, reserved 1114112K
  class space    used 917K, committed 1024K, reserved 1048576K
}

