# JRE version: Java(TM) SE Runtime Environment (18.0.2.1+1) (build 18.0.2.1+1-1)
# Java VM: Java HotSpot(TM) 64-Bit Server VM (18.0.2.1+1-1, mixed mode, sharing, tiered, compressed oops, compressed class ptrs, g1 gc, windows-amd64)
GC Precious Log:
 CardTable entry size: 512
 Card Set container configuration: InlinePtr #cards 5 size 8 Array Of Cards #cards 12 size 40 Howl #buckets 4 coarsen threshold 1843 Howl Bitmap #cards 512 size 80 coarsen threshold 460 Card regions per heap region 1 cards per card region 2048
 CPUs: 8 total, 8 available
 Memory: 8006M
 Large Page Support: Disabled
 NUMA Support: Disabled
 Compressed Oops: Enabled (32-bit)
 Heap Region Size: 1M
 Heap Min Capacity: 8M
 Heap Initial Capacity: 126M
 Heap Max Capacity: 2002M
 Pre-touch: Disabled
 Parallel Workers: 8
 Concurrent Workers: 2
 Concurrent Refinement Workers: 8
 Periodic GC: Disabled
Heap:
 garbage-first heap   total 263168K, used 148081K [0x0000000082e00000, 0x0000000100000000)
  region size 1024K, 1 young (1024K), 1 survivors (1024K)
 Metaspace       used 26480K, committed 26752K, reserved 1114112K
  class space    used 2626K, committed 2752K, reserved 1048576K
GC Heap History (20 events):
Event: 1047.375 GC heap after
{Heap after GC invocations=208 (full 0):
 garbage-first heap   total 263168K, used 148088K [0x0000000082e00000, 0x0000000100000000)
  region size 1024K, 1 young (1024K), 1 survivors (1024K)
 Metaspace       used 26479K, committed 26752K, reserved 1114112K
  class space    used 2626K, committed 2752K, reserved 1048576K
}
Event: 1058.280 GC heap before
{Heap before GC invocations=209 (full 0):
 garbage-first heap   total 263168K, used 177784K [0x0000000082e00000, 0x0000000100000000)
  region size 1024K, 25 young (25600K), 1 survivors (1024K)
 Metaspace       used 26479K, committed 26752K, reserved 1114112K
  class space    used 2626K, committed 2752K, reserved 1048576K
}
Event: 1058.282 GC heap after
{Heap after GC invocations=210 (full 0):
 garbage-first heap   total 263168K, used 148031K [0x0000000082e00000, 0x0000000100000000)
  region size 1024K, 1 young (1024K), 1 survivors (1024K)
 Metaspace       used 26479K, committed 26752K, reserved 1114112K
  class space    used 2626K, committed 2752K, reserved 1048576K
}
Event: 1068.710 GC heap before
{Heap before GC invocations=211 (full 0):
 garbage-first heap   total 263168K, used 176703K [0x0000000082e00000, 0x0000000100000000)
  region size 1024K, 24 young (24576K), 1 survivors (1024K)
 Metaspace       used 26479K, committed 26752K, reserved 1114112K
  class space    used 2626K, committed 2752K, reserved 1048576K
}
Event: 1068.712 GC heap after
{Heap after GC invocations=212 (full 0):
 garbage-first heap   total 263168K, used 148056K [0x0000000082e00000, 0x0000000100000000)
  region size 1024K, 1 young (1024K), 1 survivors (1024K)
 Metaspace       used 26479K, committed 26752K, reserved 1114112K
  class space    used 2626K, committed 2752K, reserved 1048576K
}
Event: 1068.713 GC heap before
{Heap before GC invocations=212 (full 0):
 garbage-first heap   total 263168K, used 151128K [0x0000000082e00000, 0x0000000100000000)
  region size 1024K, 2 young (2048K), 1 survivors (1024K)
 Metaspace       used 26479K, committed 26752K, reserved 1114112K
  class space    used 2626K, committed 2752K, reserved 1048576K
}
Event: 1068.714 GC heap after
{Heap after GC invocations=213 (full 0):
 garbage-first heap   total 263168K, used 148061K [0x0000000082e00000, 0x0000000100000000)
  region size 1024K, 1 young (1024K), 1 survivors (1024K)
 Metaspace       used 26479K, committed 26752K, reserved 1114112K
  class space    used 2626K, committed 2752K, reserved 1048576K
}
Event: 1079.461 GC heap before
{Heap before GC invocations=213 (full 0):
 garbage-first heap   total 263168K, used 173661K [0x0000000082e00000, 0x0000000100000000)
  region size 1024K, 24 young (24576K), 1 survivors (1024K)
 Metaspace       used 26479K, committed 26752K, reserved 1114112K
  class space    used 2626K, committed 2752K, reserved 1048576K
}
Event: 1079.463 GC heap after
{Heap after GC invocations=214 (full 0):
 garbage-first heap   total 263168K, used 148083K [0x0000000082e00000, 0x0000000100000000)
  region size 1024K, 1 young (1024K), 1 survivors (1024K)
 Metaspace       used 26479K, committed 26752K, reserved 1114112K
  class space    used 2626K, committed 2752K, reserved 1048576K
}
Event: 1079.464 GC heap before
{Heap before GC invocations=214 (full 0):
 garbage-first heap   total 263168K, used 151155K [0x0000000082e00000, 0x0000000100000000)
  region size 1024K, 2 young (2048K), 1 survivors (1024K)
 Metaspace       used 26479K, committed 26752K, reserved 1114112K
  class space    used 2626K, committed 2752K, reserved 1048576K
}
Event: 1079.466 GC heap after
{Heap after GC invocations=215 (full 0):
 garbage-first heap   total 263168K, used 148071K [0x0000000082e00000, 0x0000000100000000)
  region size 1024K, 1 young (1024K), 1 survivors (1024K)
 Metaspace       used 26479K, committed 26752K, reserved 1114112K
  class space    used 2626K, committed 2752K, reserved 1048576K
}
Event: 1090.171 GC heap before
{Heap before GC invocations=215 (full 0):
 garbage-first heap   total 263168K, used 172647K [0x0000000082e00000, 0x0000000100000000)
  region size 1024K, 23 young (23552K), 1 survivors (1024K)
 Metaspace       used 26479K, committed 26752K, reserved 1114112K
  class space    used 2626K, committed 2752K, reserved 1048576K
}
Event: 1090.173 GC heap after
{Heap after GC invocations=216 (full 0):
 garbage-first heap   total 263168K, used 148053K [0x0000000082e00000, 0x0000000100000000)
  region size 1024K, 1 young (1024K), 1 survivors (1024K)
 Metaspace       used 26479K, committed 26752K, reserved 1114112K
  class space    used 2626K, committed 2752K, reserved 1048576K
}
Event: 1090.174 GC heap before
{Heap before GC invocations=216 (full 0):
 garbage-first heap   total 263168K, used 151125K [0x0000000082e00000, 0x0000000100000000)
  region size 1024K, 2 young (2048K), 1 survivors (1024K)
 Metaspace       used 26479K, committed 26752K, reserved 1114112K
  class space    used 2626K, committed 2752K, reserved 1048576K
}
Event: 1090.176 GC heap after
{Heap after GC invocations=217 (full 0):
 garbage-first heap   total 263168K, used 148060K [0x0000000082e00000, 0x0000000100000000)
  region size 1024K, 1 young (1024K), 1 survivors (1024K)
 Metaspace       used 26479K, committed 26752K, reserved 1114112K
  class space    used 2626K, committed 2752K, reserved 1048576K
}
Event: 1100.616 GC heap before
{Heap before GC invocations=217 (full 0):
 garbage-first heap   total 263168K, used 173660K [0x0000000082e00000, 0x0000000100000000)
  region size 1024K, 24 young (24576K), 1 survivors (1024K)
 Metaspace       used 26479K, committed 26752K, reserved 1114112K
  class space    used 2626K, committed 2752K, reserved 1048576K
}
Event: 1100.618 GC heap after
{Heap after GC invocations=218 (full 0):
 garbage-first heap   total 263168K, used 148058K [0x0000000082e00000, 0x0000000100000000)
  region size 1024K, 1 young (1024K), 1 survivors (1024K)
 Metaspace       used 26479K, committed 26752K, reserved 1114112K
  class space    used 2626K, committed 2752K, reserved 1048576K
}
Event: 1100.619 GC heap before
{Heap before GC invocations=218 (full 0):
 garbage-first heap   total 263168K, used 151130K [0x0000000082e00000, 0x0000000100000000)
  region size 1024K, 2 young (2048K), 1 survivors (1024K)
 Metaspace       used 26479K, committed 26752K, reserved 1114112K
  class space    used 2626K, committed 2752K, reserved 1048576K
}
Event: 1100.621 GC heap after
{Heap after GC invocations=219 (full 0):
 garbage-first heap   total 263168K, used 148061K [0x0000000082e00000, 0x0000000100000000)
  region size 1024K, 1 young (1024K), 1 survivors (1024K)
 Metaspace       used 26479K, committed 26752K, reserved 1114112K
  class space    used 2626K, committed 2752K, reserved 1048576K
}
Event: 1111.145 GC heap before
{Heap before GC invocations=219 (full 0):
 garbage-first heap   total 263168K, used 173661K [0x0000000082e00000, 0x0000000100000000)
  region size 1024K, 24 young (24576K), 1 survivors (1024K)
 Metaspace       used 26480K, committed 26752K, reserved 1114112K
  class space    used 2626K, committed 2752K, reserved 1048576K
}

